INFO:root:2020-06-09 20:26:41.954721 - Sign up success - User bomboclaat registered!

INFO:root:2020-06-09 20:26:55.375846 - Log in success - User bomboclaat signed in!

INFO:root:2020-06-09 20:45:04.321944 - Sign up success - User britishpirlo registered!

INFO:root:2020-06-09 20:45:11.976483 - Log in success - User britishpirlo signed in!

INFO:root:2020-06-09 20:45:19.626043 - Log out success - User logged out!

INFO:root:2020-06-09 20:58:35.385520 - Log in success - User britishpirlo signed in!

INFO:root:2020-06-09 20:58:56.837217 - Log out success - User logged out!

INFO:root:2020-06-09 20:59:06.621029 - Sign up error - Login is already taken!

INFO:root:2020-06-09 21:02:27.745309 - Log in success - User britishpirlo signed in!

INFO:root:2020-06-09 21:48:48.430702 - Log in success - User britishpirlo signed in!

INFO:root:2020-06-09 21:48:51.272106 - Log out success - User logged out!

INFO:root:2020-06-09 21:56:26.637941 - Log in success - User britishpirlo signed in!

INFO:root:2020-06-09 22:13:15.813472 - Log in success - User britishpirlo signed in!

INFO:root:2020-06-09 22:13:52.288978 - Sign up success - User rogar registered!

INFO:root:2020-06-09 22:14:00.327492 - Log in success - User rogar signed in!

INFO:root:2020-06-09 22:14:24.742268 - Log out success - User logged out!

INFO:root:2020-06-09 22:14:30.751168 - Log in success - User britishpirlo signed in!

INFO:root:2020-06-09 22:17:52.902831 - Log in success - User rogar signed in!

INFO:root:2020-06-09 22:24:03.295755 - Log in error - Log in with not existing login

INFO:root:2020-06-09 22:24:11.210600 - Log in success - User rogar signed in!

INFO:root:2020-06-09 22:28:25.166828 - Log in error - Log in with not existing login

INFO:root:2020-06-09 22:28:30.923441 - Log in success - User rogar signed in!

INFO:root:2020-06-09 22:28:38.284765 - Log out success - User logged out!

INFO:root:2020-06-09 22:28:47.946937 - Log in success - User britishpirlo signed in!

INFO:root:2020-06-09 22:50:46.787008 - Log in success - User rogar signed in!

